TN:
SF:src\js\app.js
FN:4,(anonymous_0)
FN:9,(anonymous_1)
FN:13,(anonymous_2)
FN:29,(anonymous_3)
FN:36,(anonymous_4)
FN:37,(anonymous_5)
FNF:6
FNH:6
FNDA:5,(anonymous_0)
FNDA:5,(anonymous_1)
FNDA:2,(anonymous_2)
FNDA:3,(anonymous_3)
FNDA:1,(anonymous_4)
FNDA:3,(anonymous_5)
DA:1,1
DA:5,5
DA:10,5
DA:14,2
DA:15,2
DA:16,1
DA:17,2
DA:18,1
DA:20,1
DA:24,1
DA:26,1
DA:30,3
DA:31,8
DA:33,3
DA:37,3
DA:38,1
DA:41,1
DA:42,1
LF:18
LH:18
BRDA:15,0,0,1
BRDA:15,0,1,1
BRDA:17,1,0,1
BRDA:17,1,1,1
BRF:4
BRH:4
end_of_record
